<?xml version="1.0" encoding="UTF-8"?>
<testsuite name="org.rowinson.healthcheck.TestMainVerticle" tests="1" skipped="0" failures="0" errors="0" timestamp="2021-02-16T23:37:43" hostname="fisherline.local" time="0.618">
  <properties/>
  <testcase name="verticle_deployed(Vertx, VertxTestContext)" classname="org.rowinson.healthcheck.TestMainVerticle" time="0.618"/>
  <system-out><![CDATA[HTTP server started on port 8888
]]></system-out>
  <system-err><![CDATA[]]></system-err>
</testsuite>
